\BOOKMARK [0][-]{chapter*.1}{C\341c k\355 hiu vit tt}{}% 1
\BOOKMARK [0][-]{section*.2}{Danh s\341ch h\354nh ve}{}% 2
\BOOKMARK [0][-]{section*.3}{Danh s\341ch bang}{}% 3
\BOOKMARK [0][-]{chapter*.4}{Li gii thiu}{}% 4
\BOOKMARK [0][-]{chapter.1}{Kin thc c s x\341c sut v\340 thng k\352}{}% 5
\BOOKMARK [1][-]{section.1.1}{Bin ngu nhi\352n v\340 x\341c sut}{chapter.1}% 6
\BOOKMARK [1][-]{section.1.2}{Ph\342n phi x\341c sut}{chapter.1}% 7
\BOOKMARK [2][-]{subsection.1.2.1}{H\340m khi x\341c sut cua bin ri rac}{section.1.2}% 8
\BOOKMARK [2][-]{subsection.1.2.2}{H\340m mt \040x\341c sut cua bin li\352n tuc}{section.1.2}% 9
\BOOKMARK [1][-]{section.1.3}{Ky vong v\340 phng sai}{chapter.1}% 10
\BOOKMARK [0][-]{chapter.2}{T\355ch ph\342n Monte Carlo }{}% 11
\BOOKMARK [1][-]{section.2.1}{Tng qu\341t}{chapter.2}% 12
\BOOKMARK [1][-]{section.2.2}{T\355ch ph\342n Monte Carlo vi h\340m mt \040x\341c sut u}{chapter.2}% 13
\BOOKMARK [1][-]{section.2.3}{T\355ch ph\342n Monte Carlo vi h\340m mt \040x\341c sut bt ky}{chapter.2}% 14
\BOOKMARK [1][-]{section.2.4}{Giam phng sai}{chapter.2}% 15
\BOOKMARK [0][-]{chapter.3}{Thut to\341n Vegas}{}% 16
\BOOKMARK [1][-]{section.3.1}{Gii thiu}{chapter.3}% 17
\BOOKMARK [1][-]{section.3.2}{T\355ch ph\342n Monte Carlo s dung thut to\341n Vegas}{chapter.3}% 18
\BOOKMARK [2][-]{subsection.3.2.1}{Ly mu trong}{section.3.2}% 19
\BOOKMARK [2][-]{subsection.3.2.2}{Ly mu ph\342n tng}{section.3.2}% 20
\BOOKMARK [2][-]{subsection.3.2.3}{Thut to\341n Vegas}{section.3.2}% 21
\BOOKMARK [0][-]{chapter.4}{Kt lun v\340 hng ph\341t trin}{}% 22
\BOOKMARK [1][-]{section.4.1}{Kt qua at c}{chapter.4}% 23
\BOOKMARK [2][-]{subsection.4.1.1}{X\351t c\341c h\340m 1 chiu}{section.4.1}% 24
\BOOKMARK [2][-]{subsection.4.1.2}{X\351t c\341c h\340m 2 chiu}{section.4.1}% 25
\BOOKMARK [2][-]{subsection.4.1.3}{X\351t c\341c h\340m 3 chiu}{section.4.1}% 26
\BOOKMARK [2][-]{subsection.4.1.4}{X\351t c\341c h\340m 4 chiu}{section.4.1}% 27
\BOOKMARK [1][-]{section.4.2}{Kt lun}{chapter.4}% 28
\BOOKMARK [1][-]{section.4.3}{Hng ph\341t trin \040t\340i}{chapter.4}% 29
\BOOKMARK [0][-]{appendix.A}{Phn code y u}{}% 30
