\BOOKMARK [0][-]{chapter*.2}{C\341c k\355 hiu vit tt}{}% 1
\BOOKMARK [0][-]{section*.3}{Danh s\341ch h\354nh ve}{}% 2
\BOOKMARK [0][-]{section*.4}{Danh s\341ch bang}{}% 3
\BOOKMARK [0][-]{chapter.1}{Tng quan v LaTeX}{}% 4
\BOOKMARK [1][-]{section.1.1}{LaTeX l\340 g\354?}{chapter.1}% 5
\BOOKMARK [1][-]{section.1.2}{Gii thiu Kile}{chapter.1}% 6
\BOOKMARK [1][-]{section.1.3}{Lich s ph\341t trin cua LaTeX}{chapter.1}% 7
\BOOKMARK [0][-]{chapter.2}{Soan thao van ban trong LaTeX}{}% 8
\BOOKMARK [1][-]{section.2.1}{C\340i t LaTeX}{chapter.2}% 9
\BOOKMARK [2][-]{subsection.2.1.1}{C\340i t LaTeX tr\352n Linux}{section.2.1}% 10
\BOOKMARK [2][-]{subsection.2.1.2}{C\340i t LaTeX tr\352n Windows}{section.2.1}% 11
\BOOKMARK [1][-]{section.2.2}{Hng dn s lc}{chapter.2}% 12
\BOOKMARK [2][-]{subsection.2.2.1}{\320c im cua LaTeX}{section.2.2}% 13
\BOOKMARK [2][-]{subsection.2.2.2}{Soan thao van ban}{section.2.2}% 14
\BOOKMARK [0][-]{chapter.3}{Thit k inh dang van ban ri\352ng trong LaTeX}{}% 15
\BOOKMARK [1][-]{section.3.1}{Tng quan v package v\340 class}{chapter.3}% 16
\BOOKMARK [1][-]{section.3.2}{Gii thiu class \040t\340i}{chapter.3}% 17
\BOOKMARK [1][-]{section.3.3}{Cu tr\372c cua class}{chapter.3}% 18
\BOOKMARK [2][-]{subsection.3.3.1}{C\341c khai b\341o ban u}{section.3.3}% 19
\BOOKMARK [2][-]{subsection.3.3.2}{Khai b\341o package v\340 thit lp}{section.3.3}% 20
\BOOKMARK [0][-]{chapter*.31}{T\340i liu tham khao}{}% 21
