\BOOKMARK [0][-]{chapter*.3}{C\341c k\355 hiu vit tt}{}% 1
\BOOKMARK [0][-]{section*.4}{Danh s\341ch h\354nh ve}{}% 2
\BOOKMARK [0][-]{section*.5}{Danh s\341ch bang}{}% 3
\BOOKMARK [0][-]{chapter*.6}{Li gii thiu}{}% 4
\BOOKMARK [0][-]{chapter.1}{Tng quan v LaTeX}{}% 5
\BOOKMARK [1][-]{section.1.1}{LaTeX l\340 g\354?}{chapter.1}% 6
\BOOKMARK [1][-]{section.1.2}{Gii thiu v tr\354nh soan thao Kile}{chapter.1}% 7
\BOOKMARK [1][-]{section.1.3}{Lich s ph\341t trin cua LaTeX}{chapter.1}% 8
\BOOKMARK [0][-]{chapter.2}{Soan thao van ban trong LaTeX}{}% 9
\BOOKMARK [1][-]{section.2.1}{C\340i t LaTeX}{chapter.2}% 10
\BOOKMARK [2][-]{subsection.2.1.1}{C\340i t LaTeX tr\352n Linux}{section.2.1}% 11
\BOOKMARK [2][-]{subsection.2.1.2}{C\340i t LaTeX tr\352n Windows}{section.2.1}% 12
\BOOKMARK [1][-]{section.2.2}{Hng dn s lc}{chapter.2}% 13
\BOOKMARK [2][-]{subsection.2.2.1}{\320c im cua LaTeX}{section.2.2}% 14
\BOOKMARK [2][-]{subsection.2.2.2}{Soan thao van ban}{section.2.2}% 15
\BOOKMARK [0][-]{chapter.3}{Thit k inh dang van ban ri\352ng trong LaTeX}{}% 16
\BOOKMARK [1][-]{section.3.1}{Tng quan v g\363i v\340 lp}{chapter.3}% 17
\BOOKMARK [1][-]{section.3.2}{Gii thiu lp vlththesis}{chapter.3}% 18
\BOOKMARK [1][-]{section.3.3}{Cu tr\372c cua vlththesis}{chapter.3}% 19
\BOOKMARK [2][-]{subsection.3.3.1}{C\341c khai b\341o ban u}{section.3.3}% 20
\BOOKMARK [2][-]{subsection.3.3.2}{Khai b\341o g\363i v\340 thit lp}{section.3.3}% 21
\BOOKMARK [2][-]{subsection.3.3.3}{C\341c c\342u lnh cua vlththesis}{section.3.3}% 22
\BOOKMARK [0][-]{chapter.4}{Kt lun v\340 hng ph\341t trin}{}% 23
\BOOKMARK [1][-]{section.4.1}{Kt lun}{chapter.4}% 24
\BOOKMARK [1][-]{section.4.2}{Hng ph\341t trin cua \040t\340i}{chapter.4}% 25
\BOOKMARK [0][-]{appendix.A}{\320inh ngh\232a y u cua c\342u lnh}{}% 26
\BOOKMARK [0][-]{appendix.B}{Tr\355ch oan tp tin u v\340o LaTeX cua \040t\340i}{}% 27
\BOOKMARK [0][-]{appendix*.42}{T\340i liu tham khao}{}% 28
